TN:
SF:C:\loftschool-example\src\index.js
FN:13,createDivWithText
FN:30,prepend
FN:53,findAllPSiblings
FN:84,findError
FN:108,deleteTextNodes
FN:130,deleteTextNodesRecursive
FN:163,collectDOMStat
FN:197,observeChildNodes
FNF:8
FNH:8
FNDA:2,createDivWithText
FNDA:1,prepend
FNDA:1,findAllPSiblings
FNDA:1,findError
FNDA:1,deleteTextNodes
FNDA:5,deleteTextNodesRecursive
FNDA:1,collectDOMStat
FNDA:4,observeChildNodes
DA:14,2
DA:16,2
DA:18,2
DA:31,1
DA:53,7
DA:54,1
DA:56,5
DA:58,5
DA:59,2
DA:64,1
DA:84,7
DA:85,1
DA:87,2
DA:88,2
DA:89,2
DA:93,1
DA:110,1
DA:112,1
DA:113,3
DA:114,3
DA:131,5
DA:132,11
DA:134,11
DA:135,7
DA:136,7
DA:137,4
DA:138,4
LF:27
LH:27
BRDA:58,0,0,2
BRDA:58,0,1,3
BRDA:58,1,0,5
BRDA:58,1,1,4
BRDA:53,2,0,1
BRDA:53,2,1,2
BRDA:88,3,0,2
BRDA:88,3,1,0
BRDA:84,4,0,1
BRDA:84,4,1,2
BRDA:113,5,0,3
BRDA:113,5,1,0
BRDA:134,6,0,7
BRDA:134,6,1,4
BRDA:137,7,0,4
BRDA:137,7,1,0
BRF:16
BRH:13
end_of_record
